2024-07-29 16:02:55 [32minfo[39m" [ Server ]: Gold Site Server is started on 3001 port
2024-07-29 16:03:24 [32minfo[39m" [ Server ]: Gold Site Server is started on 3001 port
2024-07-29 16:03:41 [32minfo[39m" [ Server ]: Server is started on 3001 port
2024-07-29 16:07:20 [32minfo[39m" [ Server ]: Server is started on 8000 port
2024-07-29 16:15:59 [32minfo[39m" [ Server ]: Server is started on 8000 port
2024-07-29 16:28:51 [32minfo[39m" [ Server ]: Server is started on 8000 port
2024-07-29 16:34:07 [32minfo[39m" [ Server ]: Server is started on 8000 port
2024-07-29 16:34:11 [32minfo[39m" [ Server ]: Server is started on 8000 port
2024-07-29 16:37:16 [32minfo[39m" [ Server ]: Server is started on 8000 port
2024-07-29 16:40:16 [32minfo[39m" [ Server ]: Server is started on 8000 port
2024-07-29 16:42:02 [32minfo[39m" [ Server ]: Server is started on 8000 port
2024-07-29 16:42:18 [32minfo[39m" [ Server ]: Server is started on 8000 port
2024-07-29 16:49:29 [32minfo[39m" [ Server ]: Server is started on 8000 port
2024-07-29 16:49:59 [32minfo[39m" [ Server ]: Server is started on 8000 port
2024-07-29 16:50:36 [32minfo[39m" [ Server ]: Server is started on 8000 port
2024-07-29 16:56:43 [32minfo[39m" [ Database ]: Database (trading) creating...
2024-07-29 16:56:43 [31merror[39m" [ Database ]: Database connect failed... database.sync is not a function
2024-07-29 16:58:04 [32minfo[39m" [ Database ]: Database (trading) creating...
2024-07-29 16:58:04 [33mwarn[39m" [ Database ]: Database already exists. (trading)
2024-07-29 16:59:54 [32minfo[39m" [ Database ]: Database (trading) creating...
2024-07-29 16:59:55 [31merror[39m" [ Database ]: Database connect failed... options.logging is not a function
2024-07-29 17:05:02 [32minfo[39m" [ Database ]: Database (trading) creating...
2024-07-29 17:05:02 [33mwarn[39m" [ Database ]: Database already exists. (trading)
2024-07-29 17:05:02 [31merror[39m" [ Database ]: Database connect failed... migrate is not defined
2024-07-29 17:05:33 [32minfo[39m" [ Database ]: Database (trading) creating...
2024-07-29 17:05:33 [33mwarn[39m" [ Database ]: Database already exists. (trading)
2024-07-29 17:05:33 [31merror[39m" [ Database ]: Database connect failed... connect ECONNREFUSED
2024-07-29 17:05:57 [32minfo[39m" [ Database ]: Database (trading) creating...
2024-07-29 17:05:57 [31merror[39m" [ Database ]: Database connect failed... connect ECONNREFUSED
2024-07-29 17:11:56 [32minfo[39m" [ Database ]: Database (trading) creating...
2024-07-29 17:11:56 [33mwarn[39m" [ Database ]: Database already exists. (trading)
2024-07-29 17:11:56 [31merror[39m" [ Database ]: Database connect failed... connect ECONNREFUSED
2024-07-29 17:12:57 [32minfo[39m" [ Database ]: Database (trading) creating...
2024-07-29 17:12:57 [33mwarn[39m" [ Database ]: Database already exists. (trading)
2024-07-29 17:12:57 [31merror[39m" [ Database ]: Database connect failed... connect ECONNREFUSED
2024-07-29 17:13:41 [32minfo[39m" [ Database ]: Database (trading) creating...
2024-07-29 17:13:41 [33mwarn[39m" [ Database ]: Database already exists. (trading)
2024-07-29 17:13:41 [31merror[39m" [ Database ]: Database connect failed... connect ECONNREFUSED
2024-07-29 17:15:12 [32minfo[39m" [ Database ]: Database (trading) creating...
2024-07-29 17:15:12 [33mwarn[39m" [ Database ]: Database already exists. (trading)
2024-07-29 17:15:12 [31merror[39m" [ Database ]: Database connect failed... connect ECONNREFUSED
2024-07-29 17:18:30 [32minfo[39m" [ Database ]: Database (trading) creating...
2024-07-29 17:18:30 [33mwarn[39m" [ Database ]: Database already exists. (trading)
2024-07-29 17:18:30 [31merror[39m" [ Database ]: Database connect failed... connect ECONNREFUSED
2024-07-29 17:18:39 [32minfo[39m" [ Database ]: Database (trading) creating...
2024-07-29 17:18:39 [33mwarn[39m" [ Database ]: Database already exists. (trading)
2024-07-29 17:18:39 [31merror[39m" [ Database ]: Database connect failed... sqlPath is not defined
2024-07-29 17:18:46 [32minfo[39m" [ Database ]: Database (trading) creating...
2024-07-29 17:18:46 [33mwarn[39m" [ Database ]: Database already exists. (trading)
2024-07-29 17:18:46 [32minfo[39m" [ Server ]: Server is started on 8000 port
2024-07-29 17:19:24 [32minfo[39m" [ Database ]: Database (trading) creating...
2024-07-29 17:19:24 [33mwarn[39m" [ Database ]: Database already exists. (trading)
2024-07-29 17:19:24 [32minfo[39m" [ Server ]: Server is started on 8000 port
2024-07-29 17:24:32 [32minfo[39m" [ Database ]: Database (trading) creating...
2024-07-29 17:24:32 [33mwarn[39m" [ Database ]: Database already exists. (trading)
2024-07-29 17:24:32 [32minfo[39m" [ Server ]: Server is started on 8000 port
2024-07-29 19:12:20 [32minfo[39m" [ Database ]: Database (trading) creating...
2024-07-29 19:12:20 [33mwarn[39m" [ Database ]: Database already exists. (trading)
2024-07-29 19:12:20 [32minfo[39m" [ Server ]: Server is started on 8000 port
2024-07-29 19:12:38 [32minfo[39m" [ Database ]: Database (trading) creating...
2024-07-29 19:12:38 [33mwarn[39m" [ Database ]: Database already exists. (trading)
2024-07-29 19:12:38 [32minfo[39m" [ Server ]: Server is started on 8000 port
2024-07-29 19:16:48 [32minfo[39m" [ Database ]: Database (trading) creating...
2024-07-29 19:16:48 [33mwarn[39m" [ Database ]: Database already exists. (trading)
2024-07-29 19:16:48 [32minfo[39m" [ Server ]: Server is started on 8000 port
2024-07-29 19:20:12 [32minfo[39m" [ Database ]: Database (trading) creating...
2024-07-29 19:20:12 [33mwarn[39m" [ Database ]: Database already exists. (trading)
2024-07-29 19:20:13 [32minfo[39m" [ Server ]: Server is started on 8000 port
2024-07-29 19:20:42 [32minfo[39m" [ Database ]: Database (trading) creating...
2024-07-29 19:20:42 [33mwarn[39m" [ Database ]: Database already exists. (trading)
2024-07-29 19:20:42 [32minfo[39m" [ Server ]: Server is started on 8000 port
2024-07-29 19:21:21 [32minfo[39m" [ Database ]: Database (trading) creating...
2024-07-29 19:21:21 [33mwarn[39m" [ Database ]: Database already exists. (trading)
2024-07-29 19:21:21 [32minfo[39m" [ Server ]: Server is started on 8000 port
2024-07-29 19:24:36 [32minfo[39m" [ Database ]: Database (trading) creating...
2024-07-29 19:24:36 [32minfo[39m" [ Server ]: Server is started on 8000 port
2024-07-29 19:27:01 [32minfo[39m" [ Database ]: Database (trading) creating...
2024-07-29 19:27:01 [32minfo[39m" [ Server ]: Server is started on 8000 port
2024-07-29 19:31:06 [32minfo[39m" [ Database ]: Database (trading) creating...
2024-07-29 19:31:06 [33mwarn[39m" [ Database ]: Database already exists. (trading)
2024-07-29 19:31:07 [32minfo[39m" [ Server ]: Server is started on 8000 port
2024-07-29 19:31:19 [32minfo[39m" [ Database ]: Database (trading) creating...
2024-07-29 19:31:20 [32minfo[39m" [ Server ]: Server is started on 8000 port
2024-07-29 19:51:08 [32minfo[39m" [ Database ]: Database (trading) creating...
2024-07-29 19:51:08 [33mwarn[39m" [ Database ]: Database already exists. (trading)
2024-07-29 19:51:08 [32minfo[39m" [ Server ]: Server is started on 8000 port
2024-07-29 19:53:53 [32minfo[39m" [ Database ]: Database (trading) creating...
2024-07-29 19:53:53 [33mwarn[39m" [ Database ]: Database already exists. (trading)
2024-07-29 19:53:54 [32minfo[39m" [ Server ]: Server is started on 8000 port
2024-07-29 19:56:59 [32minfo[39m" [ Database ]: Database (trading) creating...
2024-07-29 19:56:59 [33mwarn[39m" [ Database ]: Database already exists. (trading)
2024-07-29 19:56:59 [32minfo[39m" [ Server ]: Server is started on 8000 port
2024-07-29 20:04:52 [32minfo[39m" [ Database ]: Database (trading) creating...
2024-07-29 20:04:52 [33mwarn[39m" [ Database ]: Database already exists. (trading)
2024-07-29 20:04:52 [32minfo[39m" [ Server ]: Server is started on 8000 port
2024-07-29 20:05:03 [32minfo[39m" [ Database ]: Database (trading) creating...
2024-07-29 20:05:03 [33mwarn[39m" [ Database ]: Database already exists. (trading)
2024-07-29 20:05:03 [32minfo[39m" [ Server ]: Server is started on 8000 port
2024-07-29 20:05:39 [32minfo[39m" [ Database ]: Database (trading) creating...
2024-07-29 20:05:39 [33mwarn[39m" [ Database ]: Database already exists. (trading)
2024-07-29 20:05:39 [32minfo[39m" [ Server ]: Server is started on 8000 port
2024-07-29 20:05:51 [32minfo[39m" [ Database ]: Database (trading) creating...
2024-07-29 20:05:51 [33mwarn[39m" [ Database ]: Database already exists. (trading)
2024-07-29 20:05:51 [31merror[39m" [ Database ]: Database connect failed... db.RealPositions.migrate is not a function
2024-07-29 20:06:09 [32minfo[39m" [ Database ]: Database (trading) creating...
2024-07-29 20:06:09 [33mwarn[39m" [ Database ]: Database already exists. (trading)
2024-07-29 20:06:09 [32minfo[39m" [ Server ]: Server is started on 8000 port
2024-07-29 20:08:16 [32minfo[39m" [ Database ]: Database (trading) creating...
2024-07-29 20:08:16 [33mwarn[39m" [ Database ]: Database already exists. (trading)
2024-07-29 20:08:16 [32minfo[39m" [ Server ]: Server is started on 8000 port
2024-07-29 20:09:17 [32minfo[39m" [ Database ]: Database (trading) creating...
2024-07-29 20:09:17 [33mwarn[39m" [ Database ]: Database already exists. (trading)
2024-07-29 20:09:17 [32minfo[39m" [ Server ]: Server is started on 8000 port
2024-07-29 20:11:01 [32minfo[39m" [ Database ]: Database (trading) creating...
2024-07-29 20:11:01 [33mwarn[39m" [ Database ]: Database already exists. (trading)
2024-07-29 20:11:01 [32minfo[39m" [ Server ]: Server is started on 8000 port
2024-07-29 20:11:54 [32minfo[39m" [ Database ]: Database (trading) creating...
2024-07-29 20:11:54 [33mwarn[39m" [ Database ]: Database already exists. (trading)
2024-07-29 20:11:54 [32minfo[39m" [ Server ]: Server is started on 8000 port
2024-07-29 20:13:59 [32minfo[39m" [ Database ]: Database (trading) creating...
2024-07-29 20:13:59 [33mwarn[39m" [ Database ]: Database already exists. (trading)
2024-07-29 20:13:59 [32minfo[39m" [ Server ]: Server is started on 8000 port
2024-07-29 20:14:15 [32minfo[39m" [ Database ]: Database (trading) creating...
2024-07-29 20:14:15 [33mwarn[39m" [ Database ]: Database already exists. (trading)
2024-07-29 20:14:16 [32minfo[39m" [ Server ]: Server is started on 8000 port
2024-07-29 20:15:41 [32minfo[39m" [ Database ]: Database (trading) creating...
2024-07-29 20:15:41 [33mwarn[39m" [ Database ]: Database already exists. (trading)
2024-07-29 20:15:41 [32minfo[39m" [ Server ]: Server is started on 8000 port
2024-07-29 20:16:23 [32minfo[39m" [ Database ]: Database (trading) creating...
2024-07-29 20:16:23 [33mwarn[39m" [ Database ]: Database already exists. (trading)
2024-07-29 20:16:23 [32minfo[39m" [ Server ]: Server is started on 8000 port
2024-07-29 20:17:37 [32minfo[39m" [ Database ]: Database (trading) creating...
2024-07-29 20:17:37 [33mwarn[39m" [ Database ]: Database already exists. (trading)
2024-07-29 20:17:37 [32minfo[39m" [ Server ]: Server is started on 8000 port
2024-07-29 20:20:41 [32minfo[39m" [ Database ]: Database (trading) creating...
2024-07-29 20:20:41 [33mwarn[39m" [ Database ]: Database already exists. (trading)
2024-07-29 20:20:41 [32minfo[39m" [ Server ]: Server is started on 8000 port
2024-07-29 20:22:09 [32minfo[39m" [ Database ]: Database (trading) creating...
2024-07-29 20:22:09 [33mwarn[39m" [ Database ]: Database already exists. (trading)
2024-07-29 20:22:10 [32minfo[39m" [ Server ]: Server is started on 8000 port
2024-07-29 20:26:31 [32minfo[39m" [ Database ]: Database (trading) creating...
2024-07-29 20:26:31 [33mwarn[39m" [ Database ]: Database already exists. (trading)
2024-07-29 20:26:31 [32minfo[39m" [ Server ]: Server is started on 8000 port
2024-07-29 20:27:36 [32minfo[39m" [ Database ]: Database (trading) creating...
2024-07-29 20:27:36 [33mwarn[39m" [ Database ]: Database already exists. (trading)
2024-07-29 20:27:37 [32minfo[39m" [ Server ]: Server is started on 8000 port
2024-07-29 20:48:26 [32minfo[39m" [ Database ]: Database (trading) creating...
2024-07-29 20:48:26 [33mwarn[39m" [ Database ]: Database already exists. (trading)
2024-07-29 20:48:26 [32minfo[39m" [ Server ]: Server is started on 8000 port
2024-07-29 20:49:35 [32minfo[39m" [ Database ]: Database (trading) creating...
2024-07-29 20:49:35 [33mwarn[39m" [ Database ]: Database already exists. (trading)
2024-07-29 20:49:35 [32minfo[39m" [ Server ]: Server is started on 8000 port
2024-07-29 20:49:47 [32minfo[39m" [ Database ]: Database (trading) creating...
2024-07-29 20:49:47 [33mwarn[39m" [ Database ]: Database already exists. (trading)
2024-07-29 20:49:47 [32minfo[39m" [ Server ]: Server is started on 8000 port
