2024-07-31 05:18:55 [32minfo[39m" [ Database ]: Database (trading) creating...
2024-07-31 05:18:55 [33mwarn[39m" [ Database ]: Database already exists. (trading)
2024-07-31 05:18:55 [32minfo[39m" [ Server ]: Server is started on 8000 port
2024-07-31 06:20:21 [32minfo[39m" [ Database ]: Database (trading) creating...
2024-07-31 06:20:21 [33mwarn[39m" [ Database ]: Database already exists. (trading)
2024-07-31 06:20:22 [32minfo[39m" [ Server ]: Server is started on 8000 port
2024-07-31 06:23:28 [32minfo[39m" [ Database ]: Database (trading) creating...
2024-07-31 06:23:28 [33mwarn[39m" [ Database ]: Database already exists. (trading)
2024-07-31 06:23:29 [32minfo[39m" [ Server ]: Server is started on 8000 port
2024-07-31 06:27:13 [32minfo[39m" [ Database ]: Database (trading) creating...
2024-07-31 06:27:13 [33mwarn[39m" [ Database ]: Database already exists. (trading)
2024-07-31 06:27:13 [32minfo[39m" [ Server ]: Server is started on 8000 port
2024-07-31 07:44:28 [32minfo[39m" [ Database ]: Database (trading) creating...
2024-07-31 07:44:28 [33mwarn[39m" [ Database ]: Database already exists. (trading)
2024-07-31 07:44:29 [32minfo[39m" [ Server ]: Server is started on 8000 port
2024-07-31 07:45:01 [32minfo[39m" [ Database ]: Database (trading) creating...
2024-07-31 07:45:01 [33mwarn[39m" [ Database ]: Database already exists. (trading)
2024-07-31 07:45:01 [32minfo[39m" [ Server ]: Server is started on 8000 port
2024-07-31 16:28:14 [32minfo[39m" [ Database ]: Database (trading) creating...
2024-07-31 16:28:14 [33mwarn[39m" [ Database ]: Database already exists. (trading)
2024-07-31 16:28:15 [32minfo[39m" [ Server ]: Server is started on 8000 port
2024-07-31 17:33:50 [32minfo[39m" [ Database ]: Database (trading) creating...
2024-07-31 17:33:50 [33mwarn[39m" [ Database ]: Database already exists. (trading)
2024-07-31 17:33:51 [32minfo[39m" [ Server ]: Server is started on 8000 port
2024-07-31 17:36:37 [32minfo[39m" [ Database ]: Database (trading) creating...
2024-07-31 17:36:37 [33mwarn[39m" [ Database ]: Database already exists. (trading)
2024-07-31 17:36:37 [32minfo[39m" [ Server ]: Server is started on 8000 port
2024-07-31 17:37:46 [32minfo[39m" [ Database ]: Database (trading) creating...
2024-07-31 17:37:46 [33mwarn[39m" [ Database ]: Database already exists. (trading)
2024-07-31 17:37:47 [32minfo[39m" [ Server ]: Server is started on 8000 port
2024-07-31 17:38:30 [32minfo[39m" [ Database ]: Database (trading) creating...
2024-07-31 17:38:30 [33mwarn[39m" [ Database ]: Database already exists. (trading)
2024-07-31 17:38:30 [32minfo[39m" [ Server ]: Server is started on 8000 port
2024-07-31 17:38:46 [32minfo[39m" [ Database ]: Database (trading) creating...
2024-07-31 17:38:46 [33mwarn[39m" [ Database ]: Database already exists. (trading)
2024-07-31 17:38:46 [31merror[39m" [ Database ]: Database connect failed... Cannot read properties of undefined (reading 'migrate')
2024-07-31 17:39:01 [32minfo[39m" [ Database ]: Database (trading) creating...
2024-07-31 17:39:02 [31merror[39m" [ Database ]: Database connect failed... Cannot read properties of undefined (reading 'migrate')
2024-07-31 17:39:17 [32minfo[39m" [ Database ]: Database (trading) creating...
2024-07-31 17:39:17 [33mwarn[39m" [ Database ]: Database already exists. (trading)
2024-07-31 17:39:17 [32minfo[39m" [ Server ]: Server is started on 8000 port
2024-07-31 17:40:42 [32minfo[39m" [ Database ]: Database (trading) creating...
2024-07-31 17:40:42 [33mwarn[39m" [ Database ]: Database already exists. (trading)
2024-07-31 17:40:42 [32minfo[39m" [ Server ]: Server is started on 8000 port
2024-07-31 17:43:01 [32minfo[39m" [ Database ]: Database (trading) creating...
2024-07-31 17:43:01 [33mwarn[39m" [ Database ]: Database already exists. (trading)
2024-07-31 17:43:02 [32minfo[39m" [ Server ]: Server is started on 8000 port
2024-07-31 17:47:44 [32minfo[39m" [ Database ]: Database (trading) creating...
2024-07-31 17:47:44 [33mwarn[39m" [ Database ]: Database already exists. (trading)
2024-07-31 17:47:45 [32minfo[39m" [ Server ]: Server is started on 8000 port
2024-07-31 17:47:46 [32minfo[39m" [ Database ]: Database (trading) creating...
2024-07-31 17:47:46 [33mwarn[39m" [ Database ]: Database already exists. (trading)
2024-07-31 17:47:46 [32minfo[39m" [ Server ]: Server is started on 8000 port
2024-07-31 17:51:50 [32minfo[39m" [ Database ]: Database (trading) creating...
2024-07-31 17:51:50 [33mwarn[39m" [ Database ]: Database already exists. (trading)
2024-07-31 17:51:52 [32minfo[39m" [ Database ]: Database (trading) creating...
2024-07-31 17:51:52 [33mwarn[39m" [ Database ]: Database already exists. (trading)
2024-07-31 17:51:52 [32minfo[39m" [ Server ]: Server is started on 8000 port
2024-07-31 17:53:23 [32minfo[39m" [ Database ]: Database (trading) creating...
2024-07-31 17:53:23 [33mwarn[39m" [ Database ]: Database already exists. (trading)
2024-07-31 17:53:23 [32minfo[39m" [ Server ]: Server is started on 8000 port
2024-07-31 17:53:30 [32minfo[39m" [ Database ]: Database (trading) creating...
2024-07-31 17:53:30 [33mwarn[39m" [ Database ]: Database already exists. (trading)
2024-07-31 17:53:31 [32minfo[39m" [ Server ]: Server is started on 8000 port
2024-07-31 17:56:50 [32minfo[39m" [ Database ]: Database (trading) creating...
2024-07-31 17:56:50 [33mwarn[39m" [ Database ]: Database already exists. (trading)
2024-07-31 17:56:50 [32minfo[39m" [ Server ]: Server is started on 8000 port
2024-07-31 17:59:36 [32minfo[39m" [ Database ]: Database (trading) creating...
2024-07-31 17:59:36 [33mwarn[39m" [ Database ]: Database already exists. (trading)
2024-07-31 17:59:36 [32minfo[39m" [ Server ]: Server is started on 8000 port
2024-07-31 18:03:24 [32minfo[39m" [ Database ]: Database (trading) creating...
2024-07-31 18:03:24 [33mwarn[39m" [ Database ]: Database already exists. (trading)
2024-07-31 18:03:24 [32minfo[39m" [ Server ]: Server is started on 8000 port
2024-07-31 18:31:04 [32minfo[39m" [ Database ]: Database (trading) creating...
2024-07-31 18:31:04 [33mwarn[39m" [ Database ]: Database already exists. (trading)
2024-07-31 18:31:04 [32minfo[39m" [ Server ]: Server is started on 8000 port
2024-07-31 18:31:16 [32minfo[39m" [ Database ]: Database (trading) creating...
2024-07-31 18:31:16 [33mwarn[39m" [ Database ]: Database already exists. (trading)
2024-07-31 18:31:16 [32minfo[39m" [ Server ]: Server is started on 8000 port
2024-07-31 18:35:41 [32minfo[39m" [ Database ]: Database (trading) creating...
2024-07-31 18:35:41 [33mwarn[39m" [ Database ]: Database already exists. (trading)
2024-07-31 18:35:41 [32minfo[39m" [ Server ]: Server is started on 8000 port
2024-07-31 18:36:42 [32minfo[39m" [ Database ]: Database (trading) creating...
2024-07-31 18:36:42 [33mwarn[39m" [ Database ]: Database already exists. (trading)
2024-07-31 18:36:42 [32minfo[39m" [ Server ]: Server is started on 8000 port
2024-07-31 19:39:53 [31merror[39m" [ Database ]: Database creating failed... connect ECONNREFUSED 127.0.0.1:3306
2024-07-31 19:40:24 [32minfo[39m" [ Database ]: Database (trading) creating...
2024-07-31 19:40:24 [33mwarn[39m" [ Database ]: Database already exists. (trading)
2024-07-31 19:40:24 [32minfo[39m" [ Server ]: Server is started on 8000 port
2024-07-31 19:49:25 [32minfo[39m" [ Database ]: Database (trading) creating...
2024-07-31 19:49:25 [33mwarn[39m" [ Database ]: Database already exists. (trading)
2024-07-31 19:49:25 [32minfo[39m" [ Server ]: Server is started on 8000 port
2024-07-31 19:52:13 [32minfo[39m" [ Database ]: Database (trading) creating...
2024-07-31 19:52:13 [33mwarn[39m" [ Database ]: Database already exists. (trading)
2024-07-31 19:52:13 [32minfo[39m" [ Server ]: Server is started on 8000 port
2024-07-31 20:22:14 [32minfo[39m" [ Database ]: Database (trading) creating...
2024-07-31 20:22:14 [33mwarn[39m" [ Database ]: Database already exists. (trading)
2024-07-31 20:22:15 [32minfo[39m" [ Server ]: Server is started on 8000 port
2024-07-31 20:22:19 [32minfo[39m" [ Database ]: Database (trading) creating...
2024-07-31 20:22:19 [33mwarn[39m" [ Database ]: Database already exists. (trading)
2024-07-31 20:22:20 [32minfo[39m" [ Server ]: Server is started on 8000 port
