2024-08-04 11:08:09 [32minfo[39m" [ Database ]: Database (trading) creating...
2024-08-04 11:08:09 [33mwarn[39m" [ Database ]: Database already exists. (trading)
2024-08-04 11:08:09 [32minfo[39m" [ Server ]: Server is started on 8000 port
2024-08-04 11:44:08 [32minfo[39m" [ Database ]: Database (trading) creating...
2024-08-04 11:44:08 [33mwarn[39m" [ Database ]: Database already exists. (trading)
2024-08-04 11:44:09 [32minfo[39m" [ Server ]: Server is started on 8000 port
2024-08-04 12:08:20 [32minfo[39m" [ Database ]: Database (trading) creating...
2024-08-04 12:08:20 [33mwarn[39m" [ Database ]: Database already exists. (trading)
2024-08-04 12:08:20 [32minfo[39m" [ Server ]: Server is started on 8000 port
2024-08-04 12:31:58 [32minfo[39m" [ Database ]: Database (trading) creating...
2024-08-04 12:31:58 [33mwarn[39m" [ Database ]: Database already exists. (trading)
2024-08-04 12:31:59 [32minfo[39m" [ Server ]: Server is started on 8000 port
2024-08-04 12:42:09 [32minfo[39m" [ Database ]: Database (trading) creating...
2024-08-04 12:42:09 [33mwarn[39m" [ Database ]: Database already exists. (trading)
2024-08-04 12:42:09 [32minfo[39m" [ Server ]: Server is started on 8000 port
2024-08-04 12:43:27 [32minfo[39m" [ Database ]: Database (trading) creating...
2024-08-04 12:43:27 [33mwarn[39m" [ Database ]: Database already exists. (trading)
2024-08-04 12:43:27 [32minfo[39m" [ Server ]: Server is started on 8000 port
2024-08-04 12:43:38 [32minfo[39m" [ Database ]: Database (trading) creating...
2024-08-04 12:43:38 [33mwarn[39m" [ Database ]: Database already exists. (trading)
2024-08-04 12:43:38 [32minfo[39m" [ Server ]: Server is started on 8000 port
2024-08-04 12:48:09 [32minfo[39m" [ Database ]: Database (trading) creating...
2024-08-04 12:48:09 [33mwarn[39m" [ Database ]: Database already exists. (trading)
2024-08-04 12:48:09 [32minfo[39m" [ Server ]: Server is started on 8000 port
2024-08-04 12:49:21 [32minfo[39m" [ Database ]: Database (trading) creating...
2024-08-04 12:49:21 [33mwarn[39m" [ Database ]: Database already exists. (trading)
2024-08-04 12:49:21 [32minfo[39m" [ Server ]: Server is started on 8000 port
2024-08-04 12:53:53 [32minfo[39m" [ Database ]: Database (trading) creating...
2024-08-04 12:53:53 [33mwarn[39m" [ Database ]: Database already exists. (trading)
2024-08-04 12:53:54 [32minfo[39m" [ Server ]: Server is started on 8000 port
2024-08-04 13:11:09 [32minfo[39m" [ Database ]: Database (trading) creating...
2024-08-04 13:11:09 [33mwarn[39m" [ Database ]: Database already exists. (trading)
2024-08-04 13:11:10 [32minfo[39m" [ Server ]: Server is started on 8000 port
2024-08-04 13:12:41 [32minfo[39m" [ Database ]: Database (trading) creating...
2024-08-04 13:12:41 [33mwarn[39m" [ Database ]: Database already exists. (trading)
2024-08-04 13:12:41 [32minfo[39m" [ Server ]: Server is started on 8000 port
2024-08-04 13:13:12 [32minfo[39m" [ Database ]: Database (trading) creating...
2024-08-04 13:13:12 [33mwarn[39m" [ Database ]: Database already exists. (trading)
2024-08-04 13:13:12 [32minfo[39m" [ Server ]: Server is started on 8000 port
2024-08-04 13:15:18 [32minfo[39m" [ Database ]: Database (trading) creating...
2024-08-04 13:15:18 [33mwarn[39m" [ Database ]: Database already exists. (trading)
2024-08-04 13:15:19 [32minfo[39m" [ Server ]: Server is started on 8000 port
2024-08-04 13:20:57 [32minfo[39m" [ Database ]: Database (trading) creating...
2024-08-04 13:20:57 [33mwarn[39m" [ Database ]: Database already exists. (trading)
2024-08-04 13:20:57 [32minfo[39m" [ Server ]: Server is started on 8000 port
2024-08-04 13:21:40 [32minfo[39m" [ Database ]: Database (trading) creating...
2024-08-04 13:21:40 [33mwarn[39m" [ Database ]: Database already exists. (trading)
2024-08-04 13:21:40 [32minfo[39m" [ Server ]: Server is started on 8000 port
2024-08-04 13:31:36 [32minfo[39m" [ Database ]: Database (trading) creating...
2024-08-04 13:31:36 [33mwarn[39m" [ Database ]: Database already exists. (trading)
2024-08-04 13:31:36 [32minfo[39m" [ Server ]: Server is started on 8000 port
2024-08-04 13:36:21 [32minfo[39m" [ Database ]: Database (trading) creating...
2024-08-04 13:36:21 [33mwarn[39m" [ Database ]: Database already exists. (trading)
2024-08-04 13:36:21 [32minfo[39m" [ Server ]: Server is started on 8000 port
2024-08-04 13:39:40 [32minfo[39m" [ Database ]: Database (trading) creating...
2024-08-04 13:39:40 [33mwarn[39m" [ Database ]: Database already exists. (trading)
2024-08-04 13:39:40 [32minfo[39m" [ Server ]: Server is started on 8000 port
2024-08-04 13:50:04 [32minfo[39m" [ Database ]: Database (trading) creating...
2024-08-04 13:50:04 [33mwarn[39m" [ Database ]: Database already exists. (trading)
2024-08-04 13:50:05 [32minfo[39m" [ Server ]: Server is started on 8000 port
2024-08-04 15:13:24 [32minfo[39m" [ Database ]: Database (trading) creating...
2024-08-04 15:13:24 [33mwarn[39m" [ Database ]: Database already exists. (trading)
2024-08-04 15:13:24 [32minfo[39m" [ Server ]: Server is started on 8000 port
2024-08-04 15:46:56 [32minfo[39m" [ Database ]: Database (trading) creating...
2024-08-04 15:46:56 [33mwarn[39m" [ Database ]: Database already exists. (trading)
2024-08-04 15:46:57 [32minfo[39m" [ Server ]: Server is started on 8000 port
2024-08-04 16:59:41 [32minfo[39m" [ Database ]: Database (trading) creating...
2024-08-04 16:59:41 [33mwarn[39m" [ Database ]: Database already exists. (trading)
2024-08-04 16:59:41 [32minfo[39m" [ Server ]: Server is started on 8000 port
2024-08-04 17:06:04 [32minfo[39m" [ Database ]: Database (trading) creating...
2024-08-04 17:06:04 [33mwarn[39m" [ Database ]: Database already exists. (trading)
2024-08-04 17:06:04 [32minfo[39m" [ Server ]: Server is started on 8000 port
2024-08-04 17:08:23 [32minfo[39m" [ Database ]: Database (trading) creating...
2024-08-04 17:08:23 [33mwarn[39m" [ Database ]: Database already exists. (trading)
2024-08-04 17:08:23 [32minfo[39m" [ Server ]: Server is started on 8000 port
2024-08-04 17:09:45 [32minfo[39m" [ Database ]: Database (trading) creating...
2024-08-04 17:09:45 [33mwarn[39m" [ Database ]: Database already exists. (trading)
2024-08-04 17:09:45 [32minfo[39m" [ Server ]: Server is started on 8000 port
2024-08-04 17:09:58 [32minfo[39m" [ Database ]: Database (trading) creating...
2024-08-04 17:09:58 [33mwarn[39m" [ Database ]: Database already exists. (trading)
2024-08-04 17:09:59 [32minfo[39m" [ Server ]: Server is started on 8000 port
2024-08-04 17:11:30 [32minfo[39m" [ Database ]: Database (trading) creating...
2024-08-04 17:11:31 [33mwarn[39m" [ Database ]: Database already exists. (trading)
2024-08-04 17:11:31 [32minfo[39m" [ Server ]: Server is started on 8000 port
2024-08-04 17:14:58 [32minfo[39m" [ Database ]: Database (trading) creating...
2024-08-04 17:14:58 [33mwarn[39m" [ Database ]: Database already exists. (trading)
2024-08-04 17:14:58 [32minfo[39m" [ Server ]: Server is started on 8000 port
2024-08-04 17:15:36 [32minfo[39m" [ Database ]: Database (trading) creating...
2024-08-04 17:15:36 [33mwarn[39m" [ Database ]: Database already exists. (trading)
2024-08-04 17:15:36 [32minfo[39m" [ Server ]: Server is started on 8000 port
2024-08-04 17:17:42 [32minfo[39m" [ Database ]: Database (trading) creating...
2024-08-04 17:17:42 [33mwarn[39m" [ Database ]: Database already exists. (trading)
2024-08-04 17:17:43 [32minfo[39m" [ Server ]: Server is started on 8000 port
2024-08-04 17:38:41 [32minfo[39m" [ Database ]: Database (trading) creating...
2024-08-04 17:38:41 [33mwarn[39m" [ Database ]: Database already exists. (trading)
2024-08-04 17:38:41 [32minfo[39m" [ Server ]: Server is started on 8000 port
2024-08-04 17:43:18 [32minfo[39m" [ Database ]: Database (trading) creating...
2024-08-04 17:43:18 [33mwarn[39m" [ Database ]: Database already exists. (trading)
2024-08-04 17:43:18 [32minfo[39m" [ Server ]: Server is started on 8000 port
2024-08-04 17:57:33 [32minfo[39m" [ Database ]: Database (trading) creating...
2024-08-04 17:57:33 [33mwarn[39m" [ Database ]: Database already exists. (trading)
2024-08-04 17:57:33 [32minfo[39m" [ Server ]: Server is started on 8000 port
2024-08-04 18:19:58 [32minfo[39m" [ Database ]: Database (trading) creating...
2024-08-04 18:19:58 [33mwarn[39m" [ Database ]: Database already exists. (trading)
2024-08-04 18:19:58 [32minfo[39m" [ Server ]: Server is started on 8000 port
2024-08-04 18:20:37 [32minfo[39m" [ Database ]: Database (trading) creating...
2024-08-04 18:20:37 [33mwarn[39m" [ Database ]: Database already exists. (trading)
2024-08-04 18:20:37 [32minfo[39m" [ Server ]: Server is started on 8000 port
2024-08-04 18:25:27 [32minfo[39m" [ Database ]: Database (trading) creating...
2024-08-04 18:25:27 [33mwarn[39m" [ Database ]: Database already exists. (trading)
2024-08-04 18:25:28 [32minfo[39m" [ Server ]: Server is started on 8000 port
2024-08-04 18:29:21 [32minfo[39m" [ Database ]: Database (trading) creating...
2024-08-04 18:29:21 [33mwarn[39m" [ Database ]: Database already exists. (trading)
2024-08-04 18:29:21 [32minfo[39m" [ Server ]: Server is started on 8000 port
2024-08-04 18:29:24 [32minfo[39m" [ Database ]: Database (trading) creating...
2024-08-04 18:29:24 [33mwarn[39m" [ Database ]: Database already exists. (trading)
2024-08-04 18:29:24 [32minfo[39m" [ Server ]: Server is started on 8000 port
2024-08-04 18:29:32 [32minfo[39m" [ Database ]: Database (trading) creating...
2024-08-04 18:29:32 [33mwarn[39m" [ Database ]: Database already exists. (trading)
2024-08-04 18:29:32 [32minfo[39m" [ Server ]: Server is started on 8000 port
2024-08-04 18:30:41 [32minfo[39m" [ Database ]: Database (trading) creating...
2024-08-04 18:30:41 [33mwarn[39m" [ Database ]: Database already exists. (trading)
2024-08-04 18:30:41 [32minfo[39m" [ Server ]: Server is started on 8000 port
2024-08-04 18:40:19 [32minfo[39m" [ Database ]: Database (trading) creating...
2024-08-04 18:40:19 [33mwarn[39m" [ Database ]: Database already exists. (trading)
2024-08-04 18:40:19 [32minfo[39m" [ Server ]: Server is started on 8000 port
2024-08-04 18:40:39 [32minfo[39m" [ Database ]: Database (trading) creating...
2024-08-04 18:40:39 [33mwarn[39m" [ Database ]: Database already exists. (trading)
2024-08-04 18:40:39 [32minfo[39m" [ Server ]: Server is started on 8000 port
2024-08-04 18:42:26 [32minfo[39m" [ Database ]: Database (trading) creating...
2024-08-04 18:42:26 [33mwarn[39m" [ Database ]: Database already exists. (trading)
2024-08-04 18:42:26 [32minfo[39m" [ Server ]: Server is started on 8000 port
2024-08-04 18:42:39 [32minfo[39m" [ Database ]: Database (trading) creating...
2024-08-04 18:42:39 [33mwarn[39m" [ Database ]: Database already exists. (trading)
2024-08-04 18:42:39 [32minfo[39m" [ Server ]: Server is started on 8000 port
2024-08-04 18:42:49 [32minfo[39m" [ Database ]: Database (trading) creating...
2024-08-04 18:42:49 [33mwarn[39m" [ Database ]: Database already exists. (trading)
2024-08-04 18:42:49 [32minfo[39m" [ Server ]: Server is started on 8000 port
2024-08-04 18:43:28 [32minfo[39m" [ Database ]: Database (trading) creating...
2024-08-04 18:43:28 [33mwarn[39m" [ Database ]: Database already exists. (trading)
2024-08-04 18:43:28 [32minfo[39m" [ Server ]: Server is started on 8000 port
2024-08-04 18:43:41 [32minfo[39m" [ Database ]: Database (trading) creating...
2024-08-04 18:43:41 [33mwarn[39m" [ Database ]: Database already exists. (trading)
2024-08-04 18:43:41 [32minfo[39m" [ Server ]: Server is started on 8000 port
2024-08-04 18:44:11 [32minfo[39m" [ Database ]: Database (trading) creating...
2024-08-04 18:44:11 [33mwarn[39m" [ Database ]: Database already exists. (trading)
2024-08-04 18:44:11 [32minfo[39m" [ Server ]: Server is started on 8000 port
2024-08-04 18:45:11 [32minfo[39m" [ Database ]: Database (trading) creating...
2024-08-04 18:45:11 [33mwarn[39m" [ Database ]: Database already exists. (trading)
2024-08-04 18:45:11 [32minfo[39m" [ Server ]: Server is started on 8000 port
2024-08-04 18:45:57 [32minfo[39m" [ Database ]: Database (trading) creating...
2024-08-04 18:45:57 [33mwarn[39m" [ Database ]: Database already exists. (trading)
2024-08-04 18:45:57 [32minfo[39m" [ Server ]: Server is started on 8000 port
2024-08-04 18:46:47 [32minfo[39m" [ Database ]: Database (trading) creating...
2024-08-04 18:46:47 [33mwarn[39m" [ Database ]: Database already exists. (trading)
2024-08-04 18:46:47 [32minfo[39m" [ Server ]: Server is started on 8000 port
2024-08-04 18:47:35 [32minfo[39m" [ Database ]: Database (trading) creating...
2024-08-04 18:47:35 [33mwarn[39m" [ Database ]: Database already exists. (trading)
2024-08-04 18:47:35 [32minfo[39m" [ Server ]: Server is started on 8000 port
2024-08-04 18:47:55 [32minfo[39m" [ Database ]: Database (trading) creating...
2024-08-04 18:47:55 [33mwarn[39m" [ Database ]: Database already exists. (trading)
2024-08-04 18:47:55 [32minfo[39m" [ Server ]: Server is started on 8000 port
2024-08-04 18:48:02 [32minfo[39m" [ Database ]: Database (trading) creating...
2024-08-04 18:48:02 [33mwarn[39m" [ Database ]: Database already exists. (trading)
2024-08-04 18:48:02 [32minfo[39m" [ Server ]: Server is started on 8000 port
2024-08-04 18:49:27 [32minfo[39m" [ Database ]: Database (trading) creating...
2024-08-04 18:49:27 [33mwarn[39m" [ Database ]: Database already exists. (trading)
2024-08-04 18:49:27 [32minfo[39m" [ Server ]: Server is started on 8000 port
2024-08-04 18:52:51 [32minfo[39m" [ Database ]: Database (trading) creating...
2024-08-04 18:52:51 [33mwarn[39m" [ Database ]: Database already exists. (trading)
2024-08-04 18:52:51 [32minfo[39m" [ Server ]: Server is started on 8000 port
2024-08-04 19:01:18 [32minfo[39m" [ Database ]: Database (trading) creating...
2024-08-04 19:01:18 [33mwarn[39m" [ Database ]: Database already exists. (trading)
2024-08-04 19:01:18 [32minfo[39m" [ Server ]: Server is started on 8000 port
2024-08-04 19:08:36 [32minfo[39m" [ Database ]: Database (trading) creating...
2024-08-04 19:08:36 [33mwarn[39m" [ Database ]: Database already exists. (trading)
2024-08-04 19:08:36 [32minfo[39m" [ Server ]: Server is started on 8000 port
2024-08-04 19:09:21 [32minfo[39m" [ Database ]: Database (trading) creating...
2024-08-04 19:09:21 [33mwarn[39m" [ Database ]: Database already exists. (trading)
2024-08-04 19:09:21 [32minfo[39m" [ Server ]: Server is started on 8000 port
2024-08-04 19:29:33 [32minfo[39m" [ Database ]: Database (trading) creating...
2024-08-04 19:29:33 [32minfo[39m" [ Server ]: Server is started on 8000 port
2024-08-04 19:41:28 [32minfo[39m" [ Database ]: Database (trading) creating...
2024-08-04 19:41:28 [33mwarn[39m" [ Database ]: Database already exists. (trading)
2024-08-04 19:41:28 [31merror[39m" [ Database ]: Database connect failed... notNull Violation: User.allow cannot be null,
notNull Violation: User.commission cannot be null
2024-08-04 19:42:09 [32minfo[39m" [ Database ]: Database (trading) creating...
2024-08-04 19:42:09 [33mwarn[39m" [ Database ]: Database already exists. (trading)
2024-08-04 19:42:09 [31merror[39m" [ Database ]: Database connect failed... notNull Violation: User.commission cannot be null
2024-08-04 19:42:42 [32minfo[39m" [ Database ]: Database (trading) creating...
2024-08-04 19:42:42 [33mwarn[39m" [ Database ]: Database already exists. (trading)
2024-08-04 19:42:42 [32minfo[39m" [ Server ]: Server is started on 8000 port
2024-08-04 19:52:55 [32minfo[39m" [ Database ]: Database (trading) creating...
2024-08-04 19:52:55 [33mwarn[39m" [ Database ]: Database already exists. (trading)
2024-08-04 19:52:55 [32minfo[39m" [ Server ]: Server is started on 8000 port
2024-08-04 20:54:01 [32minfo[39m" [ Database ]: Database (trading) creating...
2024-08-04 20:54:01 [33mwarn[39m" [ Database ]: Database already exists. (trading)
2024-08-04 20:54:01 [32minfo[39m" [ Server ]: Server is started on 8000 port
2024-08-04 21:11:38 [32minfo[39m" [ Database ]: Database (trading) creating...
2024-08-04 21:11:38 [33mwarn[39m" [ Database ]: Database already exists. (trading)
2024-08-04 21:11:38 [32minfo[39m" [ Server ]: Server is started on 8000 port
2024-08-04 21:12:52 [32minfo[39m" [ Database ]: Database (trading) creating...
2024-08-04 21:12:52 [33mwarn[39m" [ Database ]: Database already exists. (trading)
2024-08-04 21:12:52 [32minfo[39m" [ Server ]: Server is started on 8000 port
2024-08-04 21:13:53 [32minfo[39m" [ Database ]: Database (trading) creating...
2024-08-04 21:13:53 [33mwarn[39m" [ Database ]: Database already exists. (trading)
2024-08-04 21:13:53 [32minfo[39m" [ Server ]: Server is started on 8000 port
2024-08-04 21:16:52 [32minfo[39m" [ Database ]: Database (trading) creating...
2024-08-04 21:16:52 [33mwarn[39m" [ Database ]: Database already exists. (trading)
2024-08-04 21:16:52 [32minfo[39m" [ Server ]: Server is started on 8000 port
2024-08-04 21:17:18 [32minfo[39m" [ Database ]: Database (trading) creating...
2024-08-04 21:17:18 [33mwarn[39m" [ Database ]: Database already exists. (trading)
2024-08-04 21:17:18 [32minfo[39m" [ Server ]: Server is started on 8000 port
2024-08-04 21:20:57 [32minfo[39m" [ Database ]: Database (trading) creating...
2024-08-04 21:20:57 [33mwarn[39m" [ Database ]: Database already exists. (trading)
2024-08-04 21:20:57 [32minfo[39m" [ Server ]: Server is started on 8000 port
2024-08-04 21:21:20 [32minfo[39m" [ Database ]: Database (trading) creating...
2024-08-04 21:21:20 [33mwarn[39m" [ Database ]: Database already exists. (trading)
2024-08-04 21:21:20 [32minfo[39m" [ Server ]: Server is started on 8000 port
2024-08-04 21:22:33 [32minfo[39m" [ Database ]: Database (trading) creating...
2024-08-04 21:22:33 [33mwarn[39m" [ Database ]: Database already exists. (trading)
2024-08-04 21:22:33 [32minfo[39m" [ Server ]: Server is started on 8000 port
2024-08-04 21:24:33 [32minfo[39m" [ Database ]: Database (trading) creating...
2024-08-04 21:24:33 [33mwarn[39m" [ Database ]: Database already exists. (trading)
2024-08-04 21:24:33 [32minfo[39m" [ Server ]: Server is started on 8000 port
2024-08-04 21:28:05 [32minfo[39m" [ Database ]: Database (trading) creating...
2024-08-04 21:28:05 [33mwarn[39m" [ Database ]: Database already exists. (trading)
2024-08-04 21:28:05 [32minfo[39m" [ Server ]: Server is started on 8000 port
2024-08-04 21:37:41 [32minfo[39m" [ Database ]: Database (trading) creating...
2024-08-04 21:37:41 [33mwarn[39m" [ Database ]: Database already exists. (trading)
2024-08-04 21:37:41 [32minfo[39m" [ Server ]: Server is started on 8000 port
2024-08-04 21:46:12 [32minfo[39m" [ Database ]: Database (trading) creating...
2024-08-04 21:46:12 [33mwarn[39m" [ Database ]: Database already exists. (trading)
2024-08-04 21:46:12 [32minfo[39m" [ Server ]: Server is started on 8000 port
2024-08-04 21:48:35 [32minfo[39m" [ Database ]: Database (trading) creating...
2024-08-04 21:48:35 [33mwarn[39m" [ Database ]: Database already exists. (trading)
2024-08-04 21:48:35 [32minfo[39m" [ Server ]: Server is started on 8000 port
2024-08-04 21:50:54 [32minfo[39m" [ Database ]: Database (trading) creating...
2024-08-04 21:50:54 [33mwarn[39m" [ Database ]: Database already exists. (trading)
2024-08-04 21:50:54 [32minfo[39m" [ Server ]: Server is started on 8000 port
2024-08-04 21:56:45 [32minfo[39m" [ Database ]: Database (trading) creating...
2024-08-04 21:56:45 [33mwarn[39m" [ Database ]: Database already exists. (trading)
2024-08-04 21:56:46 [32minfo[39m" [ Server ]: Server is started on 8000 port
2024-08-04 21:58:17 [32minfo[39m" [ Database ]: Database (trading) creating...
2024-08-04 21:58:17 [33mwarn[39m" [ Database ]: Database already exists. (trading)
2024-08-04 21:58:17 [32minfo[39m" [ Server ]: Server is started on 8000 port
2024-08-04 21:58:20 [32minfo[39m" [ Database ]: Database (trading) creating...
2024-08-04 21:58:20 [33mwarn[39m" [ Database ]: Database already exists. (trading)
2024-08-04 21:58:20 [32minfo[39m" [ Server ]: Server is started on 8000 port
2024-08-04 21:59:39 [32minfo[39m" [ Database ]: Database (trading) creating...
2024-08-04 21:59:39 [33mwarn[39m" [ Database ]: Database already exists. (trading)
2024-08-04 21:59:39 [32minfo[39m" [ Server ]: Server is started on 8000 port
2024-08-04 22:01:50 [32minfo[39m" [ Database ]: Database (trading) creating...
2024-08-04 22:01:50 [33mwarn[39m" [ Database ]: Database already exists. (trading)
2024-08-04 22:01:50 [32minfo[39m" [ Server ]: Server is started on 8000 port
2024-08-04 22:03:10 [32minfo[39m" [ Database ]: Database (trading) creating...
2024-08-04 22:03:10 [32minfo[39m" [ Server ]: Server is started on 8000 port
2024-08-04 22:05:33 [32minfo[39m" [ Database ]: Database (trading) creating...
2024-08-04 22:05:33 [33mwarn[39m" [ Database ]: Database already exists. (trading)
2024-08-04 22:05:33 [32minfo[39m" [ Server ]: Server is started on 8000 port
2024-08-04 22:06:06 [32minfo[39m" [ Database ]: Database (trading) creating...
2024-08-04 22:06:22 [32minfo[39m" [ Database ]: Database (trading) creating...
2024-08-04 22:06:22 [33mwarn[39m" [ Database ]: Database already exists. (trading)
2024-08-04 22:06:22 [32minfo[39m" [ Server ]: Server is started on 8000 port
2024-08-04 22:08:10 [32minfo[39m" [ Database ]: Database (trading) creating...
2024-08-04 22:08:10 [33mwarn[39m" [ Database ]: Database already exists. (trading)
2024-08-04 22:08:10 [32minfo[39m" [ Server ]: Server is started on 8000 port
2024-08-04 22:08:44 [32minfo[39m" [ Database ]: Database (trading) creating...
2024-08-04 22:08:44 [33mwarn[39m" [ Database ]: Database already exists. (trading)
2024-08-04 22:08:44 [32minfo[39m" [ Server ]: Server is started on 8000 port
2024-08-04 22:08:45 [32minfo[39m" [ Database ]: Database (trading) creating...
2024-08-04 22:08:45 [33mwarn[39m" [ Database ]: Database already exists. (trading)
2024-08-04 22:08:46 [32minfo[39m" [ Server ]: Server is started on 8000 port
2024-08-04 22:51:42 [32minfo[39m" [ Database ]: Database (trading) creating...
2024-08-04 22:51:42 [32minfo[39m" [ Server ]: Server is started on 8000 port
2024-08-04 22:59:16 [32minfo[39m" [ Database ]: Database (trading) creating...
2024-08-04 22:59:16 [33mwarn[39m" [ Database ]: Database already exists. (trading)
2024-08-04 22:59:16 [32minfo[39m" [ Server ]: Server is started on 8000 port
2024-08-04 23:03:27 [32minfo[39m" [ Database ]: Database (trading) creating...
2024-08-04 23:03:27 [33mwarn[39m" [ Database ]: Database already exists. (trading)
2024-08-04 23:03:27 [32minfo[39m" [ Server ]: Server is started on 8000 port
2024-08-04 23:08:27 [32minfo[39m" [ Database ]: Database (trading) creating...
2024-08-04 23:08:27 [33mwarn[39m" [ Database ]: Database already exists. (trading)
2024-08-04 23:08:27 [32minfo[39m" [ Server ]: Server is started on 8000 port
2024-08-04 23:11:15 [32minfo[39m" [ Database ]: Database (trading) creating...
2024-08-04 23:11:15 [33mwarn[39m" [ Database ]: Database already exists. (trading)
2024-08-04 23:11:16 [32minfo[39m" [ Server ]: Server is started on 8000 port
2024-08-04 23:37:22 [32minfo[39m" [ Database ]: Database (trading) creating...
2024-08-04 23:37:22 [33mwarn[39m" [ Database ]: Database already exists. (trading)
2024-08-04 23:37:22 [32minfo[39m" [ Server ]: Server is started on 8000 port
2024-08-04 23:40:22 [32minfo[39m" [ Database ]: Database (trading) creating...
2024-08-04 23:40:22 [33mwarn[39m" [ Database ]: Database already exists. (trading)
2024-08-04 23:40:22 [32minfo[39m" [ Server ]: Server is started on 8000 port
2024-08-04 23:41:45 [32minfo[39m" [ Database ]: Database (trading) creating...
2024-08-04 23:41:45 [33mwarn[39m" [ Database ]: Database already exists. (trading)
2024-08-04 23:41:45 [32minfo[39m" [ Server ]: Server is started on 8000 port
2024-08-04 23:43:38 [32minfo[39m" [ Database ]: Database (trading) creating...
2024-08-04 23:43:38 [33mwarn[39m" [ Database ]: Database already exists. (trading)
2024-08-04 23:43:38 [32minfo[39m" [ Server ]: Server is started on 8000 port
2024-08-04 23:43:57 [32minfo[39m" [ Database ]: Database (trading) creating...
2024-08-04 23:43:57 [33mwarn[39m" [ Database ]: Database already exists. (trading)
2024-08-04 23:43:57 [32minfo[39m" [ Server ]: Server is started on 8000 port
2024-08-04 23:44:29 [32minfo[39m" [ Database ]: Database (trading) creating...
2024-08-04 23:44:29 [33mwarn[39m" [ Database ]: Database already exists. (trading)
2024-08-04 23:44:29 [32minfo[39m" [ Server ]: Server is started on 8000 port
2024-08-04 23:46:51 [32minfo[39m" [ Database ]: Database (trading) creating...
2024-08-04 23:46:51 [33mwarn[39m" [ Database ]: Database already exists. (trading)
2024-08-04 23:46:51 [32minfo[39m" [ Server ]: Server is started on 8000 port
2024-08-04 23:48:32 [32minfo[39m" [ Database ]: Database (trading) creating...
2024-08-04 23:48:32 [33mwarn[39m" [ Database ]: Database already exists. (trading)
2024-08-04 23:48:32 [32minfo[39m" [ Server ]: Server is started on 8000 port
2024-08-04 23:51:01 [32minfo[39m" [ Database ]: Database (trading) creating...
2024-08-04 23:51:01 [33mwarn[39m" [ Database ]: Database already exists. (trading)
2024-08-04 23:51:01 [32minfo[39m" [ Server ]: Server is started on 8000 port
2024-08-04 23:56:48 [32minfo[39m" [ Database ]: Database (trading) creating...
2024-08-04 23:56:48 [33mwarn[39m" [ Database ]: Database already exists. (trading)
2024-08-04 23:56:48 [32minfo[39m" [ Server ]: Server is started on 8000 port
2024-08-04 23:57:56 [32minfo[39m" [ Database ]: Database (trading) creating...
2024-08-04 23:57:56 [33mwarn[39m" [ Database ]: Database already exists. (trading)
2024-08-04 23:57:57 [32minfo[39m" [ Server ]: Server is started on 8000 port
2024-08-04 23:59:24 [32minfo[39m" [ Database ]: Database (trading) creating...
2024-08-04 23:59:24 [33mwarn[39m" [ Database ]: Database already exists. (trading)
2024-08-04 23:59:24 [32minfo[39m" [ Server ]: Server is started on 8000 port
